This file contains any messages produced by compilers while
running configure, to aid debugging if configure makes a mistake.

It was created by curlpp configure 0.7.3, which was
generated by GNU Autoconf 2.69.  Invocation command line was

  $ ./configure 

## --------- ##
## Platform. ##
## --------- ##

hostname = dhcp-18-111-99-37.dyn.MIT.EDU
uname -m = x86_64
uname -r = 15.0.0
uname -s = Darwin
uname -v = Darwin Kernel Version 15.0.0: Wed Aug 26 16:57:32 PDT 2015; root:xnu-3247.1.106~1/RELEASE_X86_64

/usr/bin/uname -p = i386
/bin/uname -X     = unknown

/bin/arch              = unknown
/usr/bin/arch -k       = unknown
/usr/convex/getsysinfo = unknown
/usr/bin/hostinfo      = Mach kernel version:
	 Darwin Kernel Version 15.0.0: Wed Aug 26 16:57:32 PDT 2015; root:xnu-3247.1.106~1/RELEASE_X86_64
Kernel configured for up to 8 processors.
4 processors are physically available.
8 processors are logically available.
Processor type: i486 (Intel 80486)
Processors active: 0 1 2 3 4 5 6 7
Primary memory available: 16.00 gigabytes
Default processor set: 352 tasks, 2062 threads, 8 processors
Load average: 1.50, Mach factor: 6.48
/bin/machine           = unknown
/usr/bin/oslevel       = unknown
/bin/universe          = unknown

PATH: ~/bin/apache-ant-1.9.4/bin
PATH: ~/Library/Android/sdk/tools
PATH: ~/Library/Android/sdk/platform-tools
PATH: /opt/local/bin
PATH: /opt/local/sbin
PATH: /opt/local/bin
PATH: /opt/local/sbin
PATH: /Users/mattt4001/.rvm/gems/ruby-1.9.3-p327/bin
PATH: /Users/mattt4001/.rvm/gems/ruby-1.9.3-p327@global/bin
PATH: /Users/mattt4001/.rvm/rubies/ruby-1.9.3-p327/bin
PATH: /Users/mattt4001/.rvm/bin
PATH: /Library/Frameworks/Python.framework/Versions/2.7/bin
PATH: /usr/bin
PATH: /bin
PATH: /usr/sbin
PATH: /sbin
PATH: /usr/local/bin
PATH: /opt/X11/bin
PATH: /usr/local/git/bin
PATH: /usr/texbin
PATH: /Users/mattt4001/bin/c51asm/bin


## ----------- ##
## Core tests. ##
## ----------- ##

configure:2458: checking for a BSD-compatible install
configure:2526: result: /usr/bin/install -c
configure:2537: checking whether build environment is sane
configure:2592: result: yes
configure:2743: checking for a thread-safe mkdir -p
configure:2782: result: ./install-sh -c -d
configure:2789: checking for gawk
configure:2819: result: no
configure:2789: checking for mawk
configure:2819: result: no
configure:2789: checking for nawk
configure:2819: result: no
configure:2789: checking for awk
configure:2805: found /usr/bin/awk
configure:2816: result: awk
configure:2827: checking whether make sets $(MAKE)
configure:2849: result: yes
configure:2878: checking whether make supports nested variables
configure:2895: result: yes
configure:3035: checking whether ln -s works
configure:3039: result: yes
configure:3046: checking whether make sets $(MAKE)
configure:3068: result: yes
configure:3133: checking for gcc
configure:3149: found /usr/bin/gcc
configure:3160: result: gcc
configure:3389: checking for C compiler version
configure:3398: gcc --version >&5
Apple LLVM version 7.0.2 (clang-700.1.81)
Target: x86_64-apple-darwin15.0.0
Thread model: posix
Configured with: --prefix=/Applications/Xcode.app/Contents/Developer/usr --with-gxx-include-dir=/Applications/Xcode.app/Contents/Developer/Platforms/MacOSX.platform/Developer/SDKs/MacOSX10.11.sdk/usr/include/c++/4.2.1
configure:3409: $? = 0
configure:3398: gcc -v >&5
Configured with: --prefix=/Applications/Xcode.app/Contents/Developer/usr --with-gxx-include-dir=/Applications/Xcode.app/Contents/Developer/Platforms/MacOSX.platform/Developer/SDKs/MacOSX10.11.sdk/usr/include/c++/4.2.1
Apple LLVM version 7.0.2 (clang-700.1.81)
Target: x86_64-apple-darwin15.0.0
Thread model: posix
configure:3409: $? = 0
configure:3398: gcc -V >&5
clang: error: argument to '-V' is missing (expected 1 value)
clang: error: no input files
configure:3409: $? = 1
configure:3398: gcc -qversion >&5
clang: error: unknown argument: '-qversion'
clang: error: no input files
configure:3409: $? = 1
configure:3429: checking whether the C compiler works
configure:3451: gcc    conftest.c  -lstdc++ >&5
configure:3455: $? = 0
configure:3503: result: yes
configure:3506: checking for C compiler default output file name
configure:3508: result: a.out
configure:3514: checking for suffix of executables
configure:3521: gcc -o conftest    conftest.c  -lstdc++ >&5
configure:3525: $? = 0
configure:3547: result: 
configure:3569: checking whether we are cross compiling
configure:3577: gcc -o conftest    conftest.c  -lstdc++ >&5
configure:3581: $? = 0
configure:3588: ./conftest
configure:3592: $? = 0
configure:3607: result: no
configure:3612: checking for suffix of object files
configure:3634: gcc -c   conftest.c >&5
configure:3638: $? = 0
configure:3659: result: o
configure:3663: checking whether we are using the GNU C compiler
configure:3682: gcc -c   conftest.c >&5
configure:3682: $? = 0
configure:3691: result: yes
configure:3700: checking whether gcc accepts -g
configure:3720: gcc -c -g  conftest.c >&5
configure:3720: $? = 0
configure:3761: result: yes
configure:3778: checking for gcc option to accept ISO C89
configure:3841: gcc  -c -g -O2  conftest.c >&5
configure:3841: $? = 0
configure:3854: result: none needed
configure:3879: checking whether gcc understands -c and -o together
configure:3901: gcc -c conftest.c -o conftest2.o
configure:3904: $? = 0
configure:3901: gcc -c conftest.c -o conftest2.o
configure:3904: $? = 0
configure:3916: result: yes
configure:3944: checking for style of include used by make
configure:3972: result: GNU
configure:3998: checking dependency style of gcc
configure:4109: result: gcc3
configure:4129: checking how to run the C preprocessor
configure:4160: gcc -E  conftest.c
configure:4160: $? = 0
configure:4174: gcc -E  conftest.c
conftest.c:11:10: fatal error: 'ac_nonexistent.h' file not found
#include <ac_nonexistent.h>
         ^
1 error generated.
configure:4174: $? = 1
configure: failed program was:
| /* confdefs.h */
| #define PACKAGE_NAME "curlpp"
| #define PACKAGE_TARNAME "curlpp"
| #define PACKAGE_VERSION "0.7.3"
| #define PACKAGE_STRING "curlpp 0.7.3"
| #define PACKAGE_BUGREPORT ""
| #define PACKAGE_URL ""
| #define PACKAGE "curlpp"
| #define VERSION "0.7.3"
| /* end confdefs.h.  */
| #include <ac_nonexistent.h>
configure:4199: result: gcc -E
configure:4219: gcc -E  conftest.c
configure:4219: $? = 0
configure:4233: gcc -E  conftest.c
conftest.c:11:10: fatal error: 'ac_nonexistent.h' file not found
#include <ac_nonexistent.h>
         ^
1 error generated.
configure:4233: $? = 1
configure: failed program was:
| /* confdefs.h */
| #define PACKAGE_NAME "curlpp"
| #define PACKAGE_TARNAME "curlpp"
| #define PACKAGE_VERSION "0.7.3"
| #define PACKAGE_STRING "curlpp 0.7.3"
| #define PACKAGE_BUGREPORT ""
| #define PACKAGE_URL ""
| #define PACKAGE "curlpp"
| #define VERSION "0.7.3"
| /* end confdefs.h.  */
| #include <ac_nonexistent.h>
configure:4319: checking for g++
configure:4335: found /usr/bin/g++
configure:4346: result: g++
configure:4373: checking for C++ compiler version
configure:4382: g++ --version >&5
Apple LLVM version 7.0.2 (clang-700.1.81)
Target: x86_64-apple-darwin15.0.0
Thread model: posix
Configured with: --prefix=/Applications/Xcode.app/Contents/Developer/usr --with-gxx-include-dir=/Applications/Xcode.app/Contents/Developer/Platforms/MacOSX.platform/Developer/SDKs/MacOSX10.11.sdk/usr/include/c++/4.2.1
configure:4393: $? = 0
configure:4382: g++ -v >&5
Configured with: --prefix=/Applications/Xcode.app/Contents/Developer/usr --with-gxx-include-dir=/Applications/Xcode.app/Contents/Developer/Platforms/MacOSX.platform/Developer/SDKs/MacOSX10.11.sdk/usr/include/c++/4.2.1
Apple LLVM version 7.0.2 (clang-700.1.81)
Target: x86_64-apple-darwin15.0.0
Thread model: posix
configure:4393: $? = 0
configure:4382: g++ -V >&5
clang: error: argument to '-V' is missing (expected 1 value)
clang: error: no input files
configure:4393: $? = 1
configure:4382: g++ -qversion >&5
clang: error: unknown argument: '-qversion'
clang: error: no input files
configure:4393: $? = 1
configure:4397: checking whether we are using the GNU C++ compiler
configure:4416: g++ -c   conftest.cpp >&5
configure:4416: $? = 0
configure:4425: result: yes
configure:4434: checking whether g++ accepts -g
configure:4454: g++ -c -g  conftest.cpp >&5
configure:4454: $? = 0
configure:4495: result: yes
configure:4520: checking dependency style of g++
configure:4631: result: gcc3
configure:4696: checking for boostlib >= 1.33.1
configure:4750: g++ -c -g -O2  -I/usr/local/include conftest.cpp >&5
configure:4750: $? = 0
configure:4752: result: yes
configure:4899: checking build system type
configure:4913: result: x86_64-apple-darwin15.0.0
configure:4933: checking host system type
configure:4946: result: x86_64-apple-darwin15.0.0
configure:5271: WARNING: Libtool does not cope well with whitespace in `pwd`
configure:5315: checking how to print strings
configure:5342: result: printf
configure:5363: checking for a sed that does not truncate output
configure:5427: result: /usr/bin/sed
configure:5445: checking for grep that handles long lines and -e
configure:5503: result: /usr/bin/grep
configure:5508: checking for egrep
configure:5570: result: /usr/bin/grep -E
configure:5575: checking for fgrep
configure:5637: result: /usr/bin/grep -F
configure:5672: checking for ld used by gcc
configure:5739: result: /Applications/Xcode.app/Contents/Developer/Toolchains/XcodeDefault.xctoolchain/usr/bin/ld
configure:5746: checking if the linker (/Applications/Xcode.app/Contents/Developer/Toolchains/XcodeDefault.xctoolchain/usr/bin/ld) is GNU ld
configure:5761: result: no
configure:5773: checking for BSD- or MS-compatible name lister (nm)
configure:5822: result: /usr/bin/nm
configure:5952: checking the name lister (/usr/bin/nm) interface
configure:5959: g++ -c -g -O2  conftest.cpp >&5
configure:5962: /usr/bin/nm "conftest.o"
configure:5965: output
0000000000000218 S _some_variable
configure:5972: result: BSD nm
configure:5976: checking the maximum length of command line arguments
configure:6106: result: 196608
configure:6123: checking whether the shell understands some XSI constructs
configure:6133: result: yes
configure:6137: checking whether the shell understands "+="
configure:6143: result: yes
configure:6178: checking how to convert x86_64-apple-darwin15.0.0 file names to x86_64-apple-darwin15.0.0 format
configure:6218: result: func_convert_file_noop
configure:6225: checking how to convert x86_64-apple-darwin15.0.0 file names to toolchain format
configure:6245: result: func_convert_file_noop
configure:6252: checking for /Applications/Xcode.app/Contents/Developer/Toolchains/XcodeDefault.xctoolchain/usr/bin/ld option to reload object files
configure:6259: result: -r
configure:6333: checking for objdump
configure:6360: result: objdump
configure:6389: checking how to recognize dependent libraries
configure:6591: result: pass_all
configure:6676: checking for dlltool
configure:6703: result: dlltool
configure:6733: checking how to associate runtime and link libraries
configure:6760: result: printf %s\n
configure:6820: checking for ar
configure:6836: found /usr/bin/ar
configure:6847: result: ar
configure:6884: checking for archiver @FILE support
configure:6901: g++ -c -g -O2  conftest.cpp >&5
configure:6901: $? = 0
configure:6904: ar cru libconftest.a @conftest.lst >&5
ar: @conftest.lst: No such file or directory
configure:6907: $? = 1
configure:6927: result: no
configure:6985: checking for strip
configure:7001: found /usr/bin/strip
configure:7012: result: strip
configure:7084: checking for ranlib
configure:7100: found /usr/bin/ranlib
configure:7111: result: ranlib
configure:7213: checking command to parse /usr/bin/nm output from gcc object
configure:7333: g++ -c -g -O2  conftest.cpp >&5
configure:7336: $? = 0
configure:7340: /usr/bin/nm conftest.o \| sed -n -e 's/^.*[ ]\([BCDEGRST][BCDEGRST]*\)[ ][ ]*\([_A-Za-z][_A-Za-z0-9]*\)$/\1 \2 \2/p' | sed '/ __gnu_lto/d' \> conftest.nm
configure:7343: $? = 0
cannot find nm_test_var in conftest.nm
configure:7333: g++ -c -g -O2  conftest.cpp >&5
configure:7336: $? = 0
configure:7340: /usr/bin/nm conftest.o \| sed -n -e 's/^.*[ ]\([BCDEGRST][BCDEGRST]*\)[ ][ ]*_\([_A-Za-z][_A-Za-z0-9]*\)$/\1 _\2 \2/p' | sed '/ __gnu_lto/d' \> conftest.nm
configure:7343: $? = 0
configure:7409: g++ -o conftest -g -O2   conftest.cpp conftstm.o >&5
configure:7412: $? = 0
configure:7450: result: ok
configure:7487: checking for sysroot
configure:7517: result: no
configure:7774: checking for mt
configure:7804: result: no
configure:7824: checking if : is a manifest tool
configure:7830: : '-?'
configure:7838: result: no
configure:7894: checking for dsymutil
configure:7910: found /usr/bin/dsymutil
configure:7921: result: dsymutil
configure:7986: checking for nmedit
configure:8002: found /usr/bin/nmedit
configure:8013: result: nmedit
configure:8078: checking for lipo
configure:8094: found /usr/bin/lipo
configure:8105: result: lipo
configure:8170: checking for otool
configure:8186: found /usr/bin/otool
configure:8197: result: otool
configure:8262: checking for otool64
configure:8292: result: no
configure:8337: checking for -single_module linker flag
gcc -g -O2  -o libconftest.dylib -dynamiclib -Wl,-single_module conftest.c
configure:8370: result: yes
configure:8373: checking for -exported_symbols_list linker flag
configure:8393: g++ -o conftest -g -O2   -Wl,-exported_symbols_list,conftest.sym conftest.cpp  -lstdc++ >&5
configure:8393: $? = 0
configure:8403: result: yes
configure:8406: checking for -force_load linker flag
gcc -g -O2 -c -o conftest.o conftest.c
ar cru libconftest.a conftest.o
ranlib libconftest.a
gcc -g -O2  -o conftest conftest.c -Wl,-force_load,./libconftest.a
configure:8438: result: yes
configure:8476: checking for ANSI C header files
configure:8496: g++ -c -g -O2  conftest.cpp >&5
configure:8496: $? = 0
./configure: line 8510: conftest.cpp: command not found
configure:8580: result: no
configure:8593: checking for sys/types.h
configure:8593: g++ -c -g -O2  conftest.cpp >&5
configure:8593: $? = 0
configure:8593: result: yes
configure:8593: checking for sys/stat.h
configure:8593: g++ -c -g -O2  conftest.cpp >&5
configure:8593: $? = 0
configure:8593: result: yes
configure:8593: checking for stdlib.h
configure:8593: g++ -c -g -O2  conftest.cpp >&5
configure:8593: $? = 0
configure:8593: result: yes
configure:8593: checking for string.h
configure:8593: g++ -c -g -O2  conftest.cpp >&5
configure:8593: $? = 0
configure:8593: result: yes
configure:8593: checking for memory.h
configure:8593: g++ -c -g -O2  conftest.cpp >&5
configure:8593: $? = 0
configure:8593: result: yes
configure:8593: checking for strings.h
configure:8593: g++ -c -g -O2  conftest.cpp >&5
configure:8593: $? = 0
configure:8593: result: yes
configure:8593: checking for inttypes.h
configure:8593: g++ -c -g -O2  conftest.cpp >&5
configure:8593: $? = 0
configure:8593: result: yes
configure:8593: checking for stdint.h
configure:8593: g++ -c -g -O2  conftest.cpp >&5
configure:8593: $? = 0
configure:8593: result: yes
configure:8593: checking for unistd.h
configure:8593: g++ -c -g -O2  conftest.cpp >&5
configure:8593: $? = 0
configure:8593: result: yes
configure:8607: checking for dlfcn.h
configure:8607: g++ -c -g -O2  conftest.cpp >&5
configure:8607: $? = 0
configure:8607: result: yes
configure:8821: checking for objdir
configure:8836: result: .libs
configure:9107: checking if gcc supports -fno-rtti -fno-exceptions
configure:9125: gcc -c -g -O2  -fno-rtti -fno-exceptions conftest.c >&5
configure:9129: $? = 0
configure:9142: result: yes
configure:9469: checking for gcc option to produce PIC
configure:9476: result: -fno-common -DPIC
configure:9484: checking if gcc PIC flag -fno-common -DPIC works
configure:9502: gcc -c -g -O2  -fno-common -DPIC -DPIC conftest.c >&5
configure:9506: $? = 0
configure:9519: result: yes
configure:9548: checking if gcc static flag -static works
configure:9576: result: no
configure:9591: checking if gcc supports -c -o file.o
configure:9612: gcc -c -g -O2  -o out/conftest2.o conftest.c >&5
configure:9616: $? = 0
configure:9638: result: yes
configure:9646: checking if gcc supports -c -o file.o
configure:9693: result: yes
configure:9726: checking whether the gcc linker (/Applications/Xcode.app/Contents/Developer/Toolchains/XcodeDefault.xctoolchain/usr/bin/ld) supports shared libraries
configure:10879: result: yes
configure:11119: checking dynamic linker characteristics
configure:11852: result: darwin15.0.0 dyld
configure:11959: checking how to hardcode library paths into programs
configure:11984: result: immediate
configure:12524: checking whether stripping libraries is possible
configure:12538: result: yes
configure:12564: checking if libtool supports shared libraries
configure:12566: result: yes
configure:12569: checking whether to build shared libraries
configure:12590: result: yes
configure:12593: checking whether to build static libraries
configure:12597: result: yes
configure:12620: checking how to run the C++ preprocessor
configure:12647: g++ -E  conftest.cpp
configure:12647: $? = 0
configure:12661: g++ -E  conftest.cpp
conftest.cpp:23:10: fatal error: 'ac_nonexistent.h' file not found
#include <ac_nonexistent.h>
         ^
1 error generated.
configure:12661: $? = 1
configure: failed program was:
| /* confdefs.h */
| #define PACKAGE_NAME "curlpp"
| #define PACKAGE_TARNAME "curlpp"
| #define PACKAGE_VERSION "0.7.3"
| #define PACKAGE_STRING "curlpp 0.7.3"
| #define PACKAGE_BUGREPORT ""
| #define PACKAGE_URL ""
| #define PACKAGE "curlpp"
| #define VERSION "0.7.3"
| #define HAVE_BOOST /**/
| #define HAVE_SYS_TYPES_H 1
| #define HAVE_SYS_STAT_H 1
| #define HAVE_STDLIB_H 1
| #define HAVE_STRING_H 1
| #define HAVE_MEMORY_H 1
| #define HAVE_STRINGS_H 1
| #define HAVE_INTTYPES_H 1
| #define HAVE_STDINT_H 1
| #define HAVE_UNISTD_H 1
| #define HAVE_DLFCN_H 1
| #define LT_OBJDIR ".libs/"
| /* end confdefs.h.  */
| #include <ac_nonexistent.h>
configure:12686: result: g++ -E
configure:12706: g++ -E  conftest.cpp
configure:12706: $? = 0
configure:12720: g++ -E  conftest.cpp
conftest.cpp:23:10: fatal error: 'ac_nonexistent.h' file not found
#include <ac_nonexistent.h>
         ^
1 error generated.
configure:12720: $? = 1
configure: failed program was:
| /* confdefs.h */
| #define PACKAGE_NAME "curlpp"
| #define PACKAGE_TARNAME "curlpp"
| #define PACKAGE_VERSION "0.7.3"
| #define PACKAGE_STRING "curlpp 0.7.3"
| #define PACKAGE_BUGREPORT ""
| #define PACKAGE_URL ""
| #define PACKAGE "curlpp"
| #define VERSION "0.7.3"
| #define HAVE_BOOST /**/
| #define HAVE_SYS_TYPES_H 1
| #define HAVE_SYS_STAT_H 1
| #define HAVE_STDLIB_H 1
| #define HAVE_STRING_H 1
| #define HAVE_MEMORY_H 1
| #define HAVE_STRINGS_H 1
| #define HAVE_INTTYPES_H 1
| #define HAVE_STDINT_H 1
| #define HAVE_UNISTD_H 1
| #define HAVE_DLFCN_H 1
| #define LT_OBJDIR ".libs/"
| /* end confdefs.h.  */
| #include <ac_nonexistent.h>
configure:12889: checking for ld used by g++
configure:12956: result: /Applications/Xcode.app/Contents/Developer/Toolchains/XcodeDefault.xctoolchain/usr/bin/ld
configure:12963: checking if the linker (/Applications/Xcode.app/Contents/Developer/Toolchains/XcodeDefault.xctoolchain/usr/bin/ld) is GNU ld
configure:12978: result: no
configure:13033: checking whether the g++ linker (/Applications/Xcode.app/Contents/Developer/Toolchains/XcodeDefault.xctoolchain/usr/bin/ld) supports shared libraries
configure:14038: result: yes
configure:14074: g++ -c -g -O2  conftest.cpp >&5
configure:14077: $? = 0
configure:14597: checking for g++ option to produce PIC
configure:14604: result: -fno-common -DPIC
configure:14612: checking if g++ PIC flag -fno-common -DPIC works
configure:14630: g++ -c -g -O2  -fno-common -DPIC -DPIC conftest.cpp >&5
configure:14634: $? = 0
configure:14647: result: yes
configure:14670: checking if g++ static flag -static works
configure:14698: result: no
configure:14710: checking if g++ supports -c -o file.o
configure:14731: g++ -c -g -O2  -o out/conftest2.o conftest.cpp >&5
configure:14735: $? = 0
configure:14757: result: yes
configure:14762: checking if g++ supports -c -o file.o
configure:14809: result: yes
configure:14839: checking whether the g++ linker (/Applications/Xcode.app/Contents/Developer/Toolchains/XcodeDefault.xctoolchain/usr/bin/ld) supports shared libraries
configure:14875: result: yes
configure:15016: checking dynamic linker characteristics
configure:15683: result: darwin15.0.0 dyld
configure:15736: checking how to hardcode library paths into programs
configure:15761: result: immediate
configure:15847: checking for ANSI C header files
configure:15951: result: no
configure:15965: checking curl/curl.h usability
configure:15965: g++ -c -g   conftest.cpp >&5
configure:15965: $? = 0
configure:15965: result: yes
configure:15965: checking curl/curl.h presence
configure:15965: g++ -E  conftest.cpp
configure:15965: $? = 0
configure:15965: result: yes
configure:15965: checking for curl/curl.h
configure:15965: result: yes
configure:15965: checking ostream usability
configure:15965: g++ -c -g   conftest.cpp >&5
configure:15965: $? = 0
configure:15965: result: yes
configure:15965: checking ostream presence
configure:15965: g++ -E  conftest.cpp
configure:15965: $? = 0
configure:15965: result: yes
configure:15965: checking for ostream
configure:15965: result: yes
configure:15993: checking for curl >= 7.10.0
configure:16003: result: 7.43.0
configure:16027: checking enable gcc warnings
configure:16037: result: yes
configure:16046: checking warning make an error on compilation
configure:16056: result: yes
configure:16066: checking whether to enable the maintener code
configure:16078: result: no
configure:16095: checking whether to enable Debug symbols support options
configure:16106: result: no
configure:16113: checking if we need BUILDING_CURLPP
configure:16137: result: no
configure:16256: checking that generated files are newer than configure
configure:16262: result: done
configure:16301: creating ./config.status

## ---------------------- ##
## Running config.status. ##
## ---------------------- ##

This file was extended by curlpp config.status 0.7.3, which was
generated by GNU Autoconf 2.69.  Invocation command line was

  CONFIG_FILES    = 
  CONFIG_HEADERS  = 
  CONFIG_LINKS    = 
  CONFIG_COMMANDS = 
  $ ./config.status 

on dhcp-18-111-99-37.dyn.MIT.EDU

config.status:1173: creating curlpp-config
config.status:1173: creating curlpp.spec
config.status:1173: creating curlpp.pc
config.status:1173: creating Makefile
config.status:1173: creating examples/Makefile
config.status:1173: creating src/Makefile
config.status:1173: creating src/curlpp/Makefile
config.status:1173: creating src/curlpp/internal/Makefile
config.status:1173: creating src/utilspp/Makefile
config.status:1173: creating include/Makefile
config.status:1173: creating include/curlpp/Makefile
config.status:1173: creating include/curlpp/internal/Makefile
config.status:1173: creating include/utilspp/Makefile
config.status:1173: creating include/utilspp/functor/Makefile
config.status:1173: creating include/utilspp/singleton/Makefile
config.status:1173: creating doc/Makefile
config.status:1173: creating include/curlpp/config.h
config.status:1402: executing depfiles commands
config.status:1402: executing libtool commands

## ---------------- ##
## Cache variables. ##
## ---------------- ##

ac_cv_build=x86_64-apple-darwin15.0.0
ac_cv_c_compiler_gnu=yes
ac_cv_cxx_compiler_gnu=yes
ac_cv_env_CCC_set=
ac_cv_env_CCC_value=
ac_cv_env_CC_set=
ac_cv_env_CC_value=
ac_cv_env_CFLAGS_set=
ac_cv_env_CFLAGS_value=
ac_cv_env_CPPFLAGS_set=
ac_cv_env_CPPFLAGS_value=
ac_cv_env_CPP_set=
ac_cv_env_CPP_value=
ac_cv_env_CXXCPP_set=
ac_cv_env_CXXCPP_value=
ac_cv_env_CXXFLAGS_set=
ac_cv_env_CXXFLAGS_value=
ac_cv_env_CXX_set=
ac_cv_env_CXX_value=
ac_cv_env_LDFLAGS_set=
ac_cv_env_LDFLAGS_value=
ac_cv_env_LIBS_set=
ac_cv_env_LIBS_value=
ac_cv_env_build_alias_set=
ac_cv_env_build_alias_value=
ac_cv_env_host_alias_set=
ac_cv_env_host_alias_value=
ac_cv_env_target_alias_set=
ac_cv_env_target_alias_value=
ac_cv_header_curl_curl_h=yes
ac_cv_header_dlfcn_h=yes
ac_cv_header_inttypes_h=yes
ac_cv_header_memory_h=yes
ac_cv_header_ostream=yes
ac_cv_header_stdc=no
ac_cv_header_stdint_h=yes
ac_cv_header_stdlib_h=yes
ac_cv_header_string_h=yes
ac_cv_header_strings_h=yes
ac_cv_header_sys_stat_h=yes
ac_cv_header_sys_types_h=yes
ac_cv_header_unistd_h=yes
ac_cv_host=x86_64-apple-darwin15.0.0
ac_cv_objext=o
ac_cv_path_EGREP='/usr/bin/grep -E'
ac_cv_path_FGREP='/usr/bin/grep -F'
ac_cv_path_GREP=/usr/bin/grep
ac_cv_path_SED=/usr/bin/sed
ac_cv_path_install='/usr/bin/install -c'
ac_cv_prog_AWK=awk
ac_cv_prog_CPP='gcc -E'
ac_cv_prog_CXXCPP='g++ -E'
ac_cv_prog_ac_ct_AR=ar
ac_cv_prog_ac_ct_CC=gcc
ac_cv_prog_ac_ct_CXX=g++
ac_cv_prog_ac_ct_DLLTOOL=dlltool
ac_cv_prog_ac_ct_DSYMUTIL=dsymutil
ac_cv_prog_ac_ct_LIPO=lipo
ac_cv_prog_ac_ct_NMEDIT=nmedit
ac_cv_prog_ac_ct_OBJDUMP=objdump
ac_cv_prog_ac_ct_OTOOL=otool
ac_cv_prog_ac_ct_RANLIB=ranlib
ac_cv_prog_ac_ct_STRIP=strip
ac_cv_prog_cc_c89=
ac_cv_prog_cc_g=yes
ac_cv_prog_cxx_g=yes
ac_cv_prog_make_make_set=yes
am_cv_CC_dependencies_compiler_type=gcc3
am_cv_CXX_dependencies_compiler_type=gcc3
am_cv_make_support_nested_variables=yes
am_cv_prog_cc_c_o=yes
lt_cv_apple_cc_single_mod=yes
lt_cv_ar_at_file=no
lt_cv_deplibs_check_method=pass_all
lt_cv_file_magic_cmd='$MAGIC_CMD'
lt_cv_file_magic_test_file=
lt_cv_ld_exported_symbols_list=yes
lt_cv_ld_force_load=yes
lt_cv_ld_reload_flag=-r
lt_cv_nm_interface='BSD nm'
lt_cv_objdir=.libs
lt_cv_path_LD=/Applications/Xcode.app/Contents/Developer/Toolchains/XcodeDefault.xctoolchain/usr/bin/ld
lt_cv_path_LDCXX=/Applications/Xcode.app/Contents/Developer/Toolchains/XcodeDefault.xctoolchain/usr/bin/ld
lt_cv_path_NM=/usr/bin/nm
lt_cv_path_mainfest_tool=no
lt_cv_prog_compiler_c_o=yes
lt_cv_prog_compiler_c_o_CXX=yes
lt_cv_prog_compiler_pic='-fno-common -DPIC'
lt_cv_prog_compiler_pic_CXX='-fno-common -DPIC'
lt_cv_prog_compiler_pic_works=yes
lt_cv_prog_compiler_pic_works_CXX=yes
lt_cv_prog_compiler_rtti_exceptions=yes
lt_cv_prog_compiler_static_works=no
lt_cv_prog_compiler_static_works_CXX=no
lt_cv_prog_gnu_ld=no
lt_cv_prog_gnu_ldcxx=no
lt_cv_sharedlib_from_linklib_cmd='printf %s\n'
lt_cv_sys_global_symbol_pipe='sed -n -e '\''s/^.*[	 ]\([BCDEGRST][BCDEGRST]*\)[	 ][	 ]*_\([_A-Za-z][_A-Za-z0-9]*\)$/\1 _\2 \2/p'\'' | sed '\''/ __gnu_lto/d'\'''
lt_cv_sys_global_symbol_to_c_name_address='sed -n -e '\''s/^: \([^ ]*\)[ ]*$/  {\"\1\", (void *) 0},/p'\'' -e '\''s/^[BCDEGRST]* \([^ ]*\) \([^ ]*\)$/  {"\2", (void *) \&\2},/p'\'''
lt_cv_sys_global_symbol_to_c_name_address_lib_prefix='sed -n -e '\''s/^: \([^ ]*\)[ ]*$/  {\"\1\", (void *) 0},/p'\'' -e '\''s/^[BCDEGRST]* \([^ ]*\) \(lib[^ ]*\)$/  {"\2", (void *) \&\2},/p'\'' -e '\''s/^[BCDEGRST]* \([^ ]*\) \([^ ]*\)$/  {"lib\2", (void *) \&\2},/p'\'''
lt_cv_sys_global_symbol_to_cdecl='sed -n -e '\''s/^T .* \(.*\)$/extern int \1();/p'\'' -e '\''s/^[BCDEGRST]* .* \(.*\)$/extern char \1;/p'\'''
lt_cv_sys_max_cmd_len=196608
lt_cv_to_host_file_cmd=func_convert_file_noop
lt_cv_to_tool_file_cmd=func_convert_file_noop
my_cv_curl_vers=7.43.0

## ----------------- ##
## Output variables. ##
## ----------------- ##

ACLOCAL='${SHELL} "/Users/mattt4001/Dropbox (MIT)/MIT/6.865/Pset 10/asst/curlpp-master/missing" aclocal-1.14'
AMDEPBACKSLASH='\'
AMDEP_FALSE='#'
AMDEP_TRUE=''
AMTAR='$${TAR-tar}'
AM_BACKSLASH='\'
AM_DEFAULT_V='$(AM_DEFAULT_VERBOSITY)'
AM_DEFAULT_VERBOSITY='1'
AM_V='$(V)'
AR='ar'
AS='as'
AUTOCONF='${SHELL} "/Users/mattt4001/Dropbox (MIT)/MIT/6.865/Pset 10/asst/curlpp-master/missing" autoconf'
AUTOHEADER='${SHELL} "/Users/mattt4001/Dropbox (MIT)/MIT/6.865/Pset 10/asst/curlpp-master/missing" autoheader'
AUTOMAKE='${SHELL} "/Users/mattt4001/Dropbox (MIT)/MIT/6.865/Pset 10/asst/curlpp-master/missing" automake-1.14'
AWK='awk'
BOOST_CPPFLAGS='-I/usr/local/include'
BOOST_LDFLAGS='-L/usr/local/lib'
CC='gcc'
CCDEPMODE='depmode=gcc3'
CFLAGS='-g -O2'
CPP='gcc -E'
CPPFLAGS=''
CURLPP_CXXFLAGS='  -I/usr/local/include'
CXX='g++'
CXXCPP='g++ -E'
CXXDEPMODE='depmode=gcc3'
CXXFLAGS='-g  -W -Wall -Werror    -I/usr/local/include'
CYGPATH_W='echo'
DEFS='-DHAVE_CONFIG_H'
DEPDIR='.deps'
DLLTOOL='dlltool'
DSYMUTIL='dsymutil'
DUMPBIN=''
ECHO_C='\c'
ECHO_N=''
ECHO_T=''
EGREP='/usr/bin/grep -E'
EXEEXT=''
FGREP='/usr/bin/grep -F'
GREP='/usr/bin/grep'
HAVE_BOOST_FALSE='#'
HAVE_BOOST_TRUE=''
INSTALL_DATA='${INSTALL} -m 644'
INSTALL_PROGRAM='${INSTALL}'
INSTALL_SCRIPT='${INSTALL}'
INSTALL_STRIP_PROGRAM='$(install_sh) -c -s'
LD='/Applications/Xcode.app/Contents/Developer/Toolchains/XcodeDefault.xctoolchain/usr/bin/ld'
LDFLAGS=''
LIBOBJS=''
LIBS=' -lstdc++ -lcurl'
LIBTOOL='$(SHELL) $(top_builddir)/libtool --silent'
LIPO='lipo'
LN_S='ln -s'
LTLIBOBJS=''
MAINTENER_CODE_FALSE=''
MAINTENER_CODE_TRUE='#'
MAKEINFO='${SHELL} "/Users/mattt4001/Dropbox (MIT)/MIT/6.865/Pset 10/asst/curlpp-master/missing" makeinfo'
MANIFEST_TOOL=':'
MKDIR_P='./install-sh -c -d'
NM='/usr/bin/nm'
NMEDIT='nmedit'
NO_UNDEFINED_FALSE=''
NO_UNDEFINED_TRUE='#'
OBJDUMP='objdump'
OBJEXT='o'
OTOOL64=':'
OTOOL='otool'
PACKAGE='curlpp'
PACKAGE_BUGREPORT=''
PACKAGE_NAME='curlpp'
PACKAGE_STRING='curlpp 0.7.3'
PACKAGE_TARNAME='curlpp'
PACKAGE_URL=''
PACKAGE_VERSION='0.7.3'
PATH_SEPARATOR=':'
PKGADD_NAME='cURLpp - a client that groks URLs++'
PKGADD_PKG='cURLpp'
PKGADD_VENDOR='http://rrette.com/curlpp.html'
RANLIB='ranlib'
RPM_VERSION='0.7.3'
SED='/usr/bin/sed'
SET_MAKE=''
SHELL='/bin/sh'
STRIP='strip'
VERSION='0.7.3'
VERSIONNUM=''
ac_ct_AR='ar'
ac_ct_CC='gcc'
ac_ct_CXX='g++'
ac_ct_DUMPBIN=''
am__EXEEXT_FALSE=''
am__EXEEXT_TRUE='#'
am__fastdepCC_FALSE='#'
am__fastdepCC_TRUE=''
am__fastdepCXX_FALSE='#'
am__fastdepCXX_TRUE=''
am__include='include'
am__isrc=''
am__leading_dot='.'
am__nodep='_no'
am__quote=''
am__tar='$${TAR-tar} chof - "$$tardir"'
am__untar='$${TAR-tar} xf -'
bindir='${exec_prefix}/bin'
build='x86_64-apple-darwin15.0.0'
build_alias=''
build_cpu='x86_64'
build_os='darwin15.0.0'
build_vendor='apple'
datadir='${datarootdir}'
datarootdir='${prefix}/share'
docdir='${datarootdir}/doc/${PACKAGE_TARNAME}'
dvidir='${docdir}'
exec_prefix='${prefix}'
host='x86_64-apple-darwin15.0.0'
host_alias=''
host_cpu='x86_64'
host_os='darwin15.0.0'
host_vendor='apple'
htmldir='${docdir}'
includedir='${prefix}/include'
infodir='${datarootdir}/info'
install_sh='${SHELL} '\''/Users/mattt4001/Dropbox (MIT)/MIT/6.865/Pset 10/asst/curlpp-master/install-sh'\'''
libdir='${exec_prefix}/lib'
libexecdir='${exec_prefix}/libexec'
localedir='${datarootdir}/locale'
localstatedir='${prefix}/var'
mandir='${datarootdir}/man'
mkdir_p='$(MKDIR_P)'
oldincludedir='/usr/include'
pdfdir='${docdir}'
prefix='/usr/local'
program_transform_name='s,x,x,'
psdir='${docdir}'
sbindir='${exec_prefix}/sbin'
sharedstatedir='${prefix}/com'
sysconfdir='${prefix}/etc'
target_alias=''

## ----------- ##
## confdefs.h. ##
## ----------- ##

/* confdefs.h */
#define PACKAGE_NAME "curlpp"
#define PACKAGE_TARNAME "curlpp"
#define PACKAGE_VERSION "0.7.3"
#define PACKAGE_STRING "curlpp 0.7.3"
#define PACKAGE_BUGREPORT ""
#define PACKAGE_URL ""
#define PACKAGE "curlpp"
#define VERSION "0.7.3"
#define HAVE_BOOST /**/
#define HAVE_SYS_TYPES_H 1
#define HAVE_SYS_STAT_H 1
#define HAVE_STDLIB_H 1
#define HAVE_STRING_H 1
#define HAVE_MEMORY_H 1
#define HAVE_STRINGS_H 1
#define HAVE_INTTYPES_H 1
#define HAVE_STDINT_H 1
#define HAVE_UNISTD_H 1
#define HAVE_DLFCN_H 1
#define LT_OBJDIR ".libs/"
#define HAVE_CURL_CURL_H 1
#define HAVE_OSTREAM 1

configure: exit 0
